[2025-04-18T15:28:38+02:00] ✅ Lizenz gültig für webdesign.digitaleseele.at
[2025-04-18T16:32:09+02:00] ❌ Lizenz abgelehnt. Fehler: Lizenz gesperrt (Code: unbekannt)
[2025-04-18T16:32:23+02:00] ❌ Lizenz abgelehnt. Fehler: Lizenz gesperrt (Code: unbekannt)
[2025-04-18T16:32:46+02:00] ❌ Lizenz abgelehnt. Fehler: Lizenz gesperrt (Code: unbekannt)
[2025-04-18T16:32:48+02:00] ❌ Lizenz abgelehnt. Fehler: Lizenz gesperrt (Code: unbekannt)
[2025-04-18T16:33:05+02:00] ❌ Lizenz abgelehnt. Fehler: Lizenz gesperrt (Code: unbekannt)
[2025-04-18T16:33:10+02:00] ❌ Lizenz abgelehnt. Fehler: Lizenz gesperrt (Code: unbekannt)
[2025-04-18T16:33:24+02:00] ✅ Lizenz gültig für webdesign.digitaleseele.at
[2025-04-18T16:36:08+02:00] ❌ Lizenz abgelehnt. Fehler: Lizenz gesperrt (Code: unbekannt)
[2025-04-18T16:36:29+02:00] ❌ Lizenz abgelehnt. Fehler: Lizenz gesperrt (Code: unbekannt)
[2025-04-18T16:38:18+02:00] ❌ Lizenz abgelehnt. Fehler: Lizenz gesperrt (Code: unbekannt)
[2025-04-18T17:57:11+02:00] ✅ Lizenz gültig für webdesign.digitaleseele.at
[2025-04-18T20:17:59+02:00] ✅ Lizenz gültig für webdesign.digitaleseele.at
[2025-04-18T21:55:08+02:00] ✅ Lizenz gültig für webdesign.digitaleseele.at
[2025-04-19T03:19:10+02:00] ✅ Lizenz gültig für webdesign.digitaleseele.at
[2025-04-19T09:01:22+02:00] ✅ Lizenz gültig für webdesign.digitaleseele.at
[2025-04-19T10:07:16+02:00] ✅ Lizenz gültig für webdesign.digitaleseele.at
[2025-04-19T12:19:35+02:00] ✅ Lizenz gültig für webdesign.digitaleseele.at
[2025-04-19T14:52:18+02:00] ✅ Lizenz gültig für webdesign.digitaleseele.at
[2025-04-19T16:38:42+02:00] ✅ Lizenz gültig für webdesign.digitaleseele.at
[2025-04-19T19:27:34+02:00] ✅ Lizenz gültig für webdesign.digitaleseele.at
[2025-04-19T22:42:33+02:00] ✅ Lizenz gültig für webdesign.digitaleseele.at
[2025-04-20T10:06:21+02:00] ✅ Lizenz gültig für webdesign.digitaleseele.at
[2025-04-20T21:50:56+02:00] ✅ Lizenz gültig für webdesign.digitaleseele.at
[2025-04-21T08:11:16+02:00] ✅ Lizenz gültig für webdesign.digitaleseele.at
[2025-04-21T20:00:27+02:00] ✅ Lizenz gültig für webdesign.digitaleseele.at
[2025-04-21T23:11:29+02:00] ✅ Lizenz gültig für webdesign.digitaleseele.at
[2025-04-22T01:47:23+02:00] ✅ Lizenz gültig für webdesign.digitaleseele.at
[2025-04-22T08:54:08+02:00] ✅ Lizenz gültig für webdesign.digitaleseele.at
[2025-04-22T10:27:16+02:00] ✅ Lizenz gültig für webdesign.digitaleseele.at
[2025-04-23T08:10:59+02:00] ✅ Lizenz gültig für webdesign.digitaleseele.at
[2025-04-23T11:55:32+02:00] ✅ Lizenz gültig für webdesign.digitaleseele.at
[2025-04-23T21:49:59+02:00] ✅ Lizenz gültig für webdesign.digitaleseele.at
[2025-04-24T00:28:03+02:00] ✅ Lizenz gültig für webdesign.digitaleseele.at
[2025-04-24T12:11:13+02:00] ✅ Lizenz gültig für webdesign.digitaleseele.at
[2025-04-25T08:57:29+02:00] ✅ Lizenz gültig für webdesign.digitaleseele.at
[2025-04-25T16:24:10+02:00] ✅ Lizenz gültig für webdesign.digitaleseele.at
[2025-04-25T19:39:45+02:00] ✅ Lizenz gültig für webdesign.digitaleseele.at
[2025-04-26T13:58:55+02:00] ✅ Lizenz gültig für webdesign.digitaleseele.at
[2025-04-26T21:15:02+02:00] ✅ Lizenz gültig für webdesign.digitaleseele.at
[2025-04-26T23:14:29+02:00] ✅ Lizenz gültig für webdesign.digitaleseele.at
[2025-04-27T21:08:15+02:00] ✅ Lizenz gültig für webdesign.digitaleseele.at
[2025-04-28T00:17:10+02:00] ✅ Lizenz gültig für webdesign.digitaleseele.at
[2025-04-28T09:01:21+02:00] ✅ Lizenz gültig für webdesign.digitaleseele.at
[2025-04-28T10:46:54+02:00] ✅ Lizenz gültig für webdesign.digitaleseele.at
[2025-04-29T01:36:35+02:00] ✅ Lizenz gültig für webdesign.digitaleseele.at
[2025-04-29T04:21:06+02:00] ✅ Lizenz gültig für webdesign.digitaleseele.at
[2025-04-29T10:45:04+02:00] ✅ Lizenz gültig für webdesign.digitaleseele.at
[2025-04-29T13:06:56+02:00] ✅ Lizenz gültig für webdesign.digitaleseele.at
[2025-04-29T20:51:08+02:00] ✅ Lizenz gültig für webdesign.digitaleseele.at
[2025-04-30T08:24:44+02:00] ✅ Lizenz gültig für webdesign.digitaleseele.at
[2025-04-30T14:19:37+02:00] ✅ Lizenz gültig für webdesign.digitaleseele.at
[2025-04-30T22:04:20+02:00] ❌ Lizenzdatei nicht gefunden unter /var/www/html/portfolio2025/licences/licence.key
[2025-04-30T22:04:54+02:00] ❌ Lizenzdatei nicht gefunden unter /var/www/html/portfolio2025/licences/licence.key
[2025-04-30T22:05:46+02:00] ❌ Lizenzdatei nicht gefunden unter /www/htdocs/w0123896/webdesign.digitaleseele.at/portfolio/components/licences/licence.key
[2025-04-30T22:06:02+02:00] ❌ Lizenzdatei nicht gefunden unter /www/htdocs/w0123896/webdesign.digitaleseele.at/portfolio/components/licences/licence.key
[2025-04-30T22:06:08+02:00] ❌ Lizenzdatei nicht gefunden unter /www/htdocs/w0123896/webdesign.digitaleseele.at/portfolio/components/licences/licence.key
[2025-04-30T22:08:18+02:00] ❌ Lizenzdatei nicht gefunden unter /webdesign.digitaleseele.at/portfolio/licences/licence.key
[2025-04-30T22:08:32+02:00] ❌ Lizenzdatei nicht gefunden unter /webdesign.digitaleseele.at/portfolio/licences/licence.key
[2025-04-30T22:11:03+02:00] ❌ Lizenzdatei nicht gefunden unter /webdesign.digitaleseele.at/portfolio/licences/licence.key
[2025-04-30T22:11:18+02:00] ❌ Lizenzdatei nicht gefunden unter /webdesign.digitaleseele.at/portfolio/licences/licence.key
